<?xml version="1.0" encoding="UTF-8"?>
<testng-results ignored="0" total="6" passed="5" failed="1" skipped="0">
  <reporter-output>
  </reporter-output>
  <suite started-at="2024-11-15T15:59:40 IST" name="Suite" finished-at="2024-11-15T16:00:31 IST" duration-ms="51308">
    <groups>
    </groups>
    <test started-at="2024-11-15T15:59:40 IST" name="Test" finished-at="2024-11-15T16:00:09 IST" duration-ms="29291">
      <class name="day45.ParellelTest">
        <test-method is-config="true" signature="setup(java.lang.String)[pri:0, instance:day45.ParellelTest@3febb011]" started-at="2024-11-15T15:59:40 IST" name="setup" finished-at="2024-11-15T15:59:59 IST" duration-ms="18384" status="PASS">
          <params>
            <param index="0">
              <value>
                <![CDATA[chrome]]>
              </value>
            </param>
          </params>
          <reporter-output>
          </reporter-output>
        </test-method> <!-- setup -->
        <test-method signature="testurl()[pri:0, instance:day45.ParellelTest@3febb011]" started-at="2024-11-15T15:59:59 IST" name="testurl" finished-at="2024-11-15T15:59:59 IST" duration-ms="33" status="PASS">
          <reporter-output>
          </reporter-output>
        </test-method> <!-- testurl -->
        <test-method signature="testlogo()[pri:1, instance:day45.ParellelTest@3febb011]" started-at="2024-11-15T15:59:59 IST" name="testlogo" finished-at="2024-11-15T16:00:02 IST" duration-ms="3681" status="FAIL">
          <exception class="java.lang.AssertionError">
            <message>
              <![CDATA[expected [true] but found [false]]]>
            </message>
            <full-stacktrace>
              <![CDATA[java.lang.AssertionError: expected [true] but found [false]
at org.testng.Assert.fail(Assert.java:99)
at org.testng.Assert.failNotEquals(Assert.java:1037)
at org.testng.Assert.assertEqualsImpl(Assert.java:140)
at org.testng.Assert.assertEquals(Assert.java:122)
at org.testng.Assert.assertEquals(Assert.java:819)
at org.testng.Assert.assertEquals(Assert.java:829)
at day45.ParellelTest.testlogo(ParellelTest.java:36)
at java.base/jdk.internal.reflect.DirectMethodHandleAccessor.invoke(DirectMethodHandleAccessor.java:103)
at java.base/java.lang.reflect.Method.invoke(Method.java:580)
at org.testng.internal.MethodInvocationHelper.invokeMethod(MethodInvocationHelper.java:133)
at org.testng.internal.TestInvoker.invokeMethod(TestInvoker.java:598)
at org.testng.internal.TestInvoker.invokeTestMethod(TestInvoker.java:173)
at org.testng.internal.MethodRunner.runInSequence(MethodRunner.java:46)
at org.testng.internal.TestInvoker$MethodInvocationAgent.invoke(TestInvoker.java:824)
at org.testng.internal.TestInvoker.invokeTestMethods(TestInvoker.java:146)
at org.testng.internal.TestMethodWorker.invokeTestMethods(TestMethodWorker.java:146)
at org.testng.internal.TestMethodWorker.run(TestMethodWorker.java:128)
at java.base/java.util.ArrayList.forEach(ArrayList.java:1597)
at org.testng.TestRunner.privateRun(TestRunner.java:794)
at org.testng.TestRunner.run(TestRunner.java:596)
at org.testng.SuiteRunner.runTest(SuiteRunner.java:377)
at org.testng.SuiteRunner.access$000(SuiteRunner.java:28)
at org.testng.SuiteRunner$SuiteWorker.run(SuiteRunner.java:418)
at org.testng.internal.thread.ThreadUtil.lambda$execute$0(ThreadUtil.java:64)
at java.base/java.util.concurrent.FutureTask.run(FutureTask.java:317)
at java.base/java.util.concurrent.ThreadPoolExecutor.runWorker(ThreadPoolExecutor.java:1144)
at java.base/java.util.concurrent.ThreadPoolExecutor$Worker.run(ThreadPoolExecutor.java:642)
at java.base/java.lang.Thread.run(Thread.java:1570)
]]>
            </full-stacktrace>
          </exception> <!-- java.lang.AssertionError -->
          <reporter-output>
          </reporter-output>
        </test-method> <!-- testlogo -->
        <test-method signature="testtitle()[pri:2, instance:day45.ParellelTest@3febb011]" started-at="2024-11-15T16:00:02 IST" name="testtitle" finished-at="2024-11-15T16:00:02 IST" duration-ms="21" status="PASS">
          <reporter-output>
          </reporter-output>
        </test-method> <!-- testtitle -->
        <test-method is-config="true" signature="teardown()[pri:0, instance:day45.ParellelTest@3febb011]" started-at="2024-11-15T16:00:02 IST" name="teardown" finished-at="2024-11-15T16:00:09 IST" duration-ms="7103" status="PASS">
          <reporter-output>
          </reporter-output>
        </test-method> <!-- teardown -->
      </class> <!-- day45.ParellelTest -->
    </test> <!-- Test -->
    <test started-at="2024-11-15T15:59:40 IST" name="Test1" finished-at="2024-11-15T16:00:31 IST" duration-ms="51307">
      <class name="day45.ParellelTest">
        <test-method is-config="true" signature="setup(java.lang.String)[pri:0, instance:day45.ParellelTest@7c7b252e]" started-at="2024-11-15T15:59:40 IST" name="setup" finished-at="2024-11-15T16:00:26 IST" duration-ms="46108" status="PASS">
          <params>
            <param index="0">
              <value>
                <![CDATA[edge]]>
              </value>
            </param>
          </params>
          <reporter-output>
          </reporter-output>
        </test-method> <!-- setup -->
        <test-method signature="testurl()[pri:0, instance:day45.ParellelTest@7c7b252e]" started-at="2024-11-15T16:00:26 IST" name="testurl" finished-at="2024-11-15T16:00:26 IST" duration-ms="22" status="PASS">
          <reporter-output>
          </reporter-output>
        </test-method> <!-- testurl -->
        <test-method signature="testlogo()[pri:1, instance:day45.ParellelTest@7c7b252e]" started-at="2024-11-15T16:00:26 IST" name="testlogo" finished-at="2024-11-15T16:00:29 IST" duration-ms="3081" status="PASS">
          <reporter-output>
          </reporter-output>
        </test-method> <!-- testlogo -->
        <test-method signature="testtitle()[pri:2, instance:day45.ParellelTest@7c7b252e]" started-at="2024-11-15T16:00:29 IST" name="testtitle" finished-at="2024-11-15T16:00:29 IST" duration-ms="13" status="PASS">
          <reporter-output>
          </reporter-output>
        </test-method> <!-- testtitle -->
        <test-method is-config="true" signature="teardown()[pri:0, instance:day45.ParellelTest@7c7b252e]" started-at="2024-11-15T16:00:29 IST" name="teardown" finished-at="2024-11-15T16:00:31 IST" duration-ms="2039" status="PASS">
          <reporter-output>
          </reporter-output>
        </test-method> <!-- teardown -->
      </class> <!-- day45.ParellelTest -->
    </test> <!-- Test1 -->
  </suite> <!-- Suite -->
</testng-results>
